<?xml version="1.0" encoding="UTF-8"?>
<!-- Generated by org.testng.reporters.JUnitXMLReporter -->
<testsuite hostname="DESKTOP-MHJPJ1Q" ignored="0" tests="5" failures="0" timestamp="2020-01-26T16:18:07 EST" time="26.088" errors="0">
  <testcase name="navigation" time="21.168" classname="TestScenario1"/>
  <testcase name="verifyRestaurant" time="0.7" classname="TestScenario1"/>
  <testcase name="verifyTabs" time="0.056" classname="TestScenario1"/>
  <testcase name="searchRestaurant" time="2.426" classname="TestScenario1"/>
  <testcase name="restaurantList" time="1.697" classname="TestScenario1"/>
</testsuite>
