<?xml version="1.0" encoding="UTF-8"?>
<!-- Generated by org.testng.reporters.JUnitXMLReporter -->
<testsuite hostname="DESKTOP-MHJPJ1Q" ignored="0" tests="5" failures="0" timestamp="2020-01-26T16:44:43 EST" time="26.886" errors="0">
  <testcase name="navigation" time="20.752" classname="TestScenario1"/>
  <testcase name="verifyRestaurant" time="1.485" classname="TestScenario1"/>
  <testcase name="verifyTabs" time="0.049" classname="TestScenario1"/>
  <testcase name="searchRestaurant" time="2.884" classname="TestScenario1"/>
  <testcase name="restaurantList" time="1.677" classname="TestScenario1"/>
</testsuite>
